<?xml version="1.0" encoding="UTF-8"?>
<testsuite xmlns:xsi="http://www.w3.org/2001/XMLSchema-instance" xsi:noNamespaceSchemaLocation="https://maven.apache.org/surefire/maven-surefire-plugin/xsd/surefire-test-report-3.0.xsd" version="3.0" name="com.itheima.TliasWebManagementApplicationTests" time="0.211" tests="1" errors="0" skipped="0" failures="0">
  <properties>
    <property name="java.specification.version" value="18"/>
    <property name="sun.cpu.isalist" value="amd64"/>
    <property name="sun.jnu.encoding" value="GBK"/>
    <property name="java.class.path" value="D:\Idea\data\tlias-web-management\target\test-classes;D:\Idea\data\tlias-web-management\target\classes;C:\Users\Administrator\maven\apache-maven-3.6.1-bin\apache-maven-3.6.1\mvn_repo\org\springframework\boot\spring-boot-starter-web\3.2.5\spring-boot-starter-web-3.2.5.jar;C:\Users\Administrator\maven\apache-maven-3.6.1-bin\apache-maven-3.6.1\mvn_repo\org\springframework\boot\spring-boot-starter\3.2.5\spring-boot-starter-3.2.5.jar;C:\Users\Administrator\maven\apache-maven-3.6.1-bin\apache-maven-3.6.1\mvn_repo\org\springframework\boot\spring-boot\3.2.5\spring-boot-3.2.5.jar;C:\Users\Administrator\maven\apache-maven-3.6.1-bin\apache-maven-3.6.1\mvn_repo\org\springframework\boot\spring-boot-autoconfigure\3.2.5\spring-boot-autoconfigure-3.2.5.jar;C:\Users\Administrator\maven\apache-maven-3.6.1-bin\apache-maven-3.6.1\mvn_repo\org\springframework\boot\spring-boot-starter-logging\3.2.5\spring-boot-starter-logging-3.2.5.jar;C:\Users\Administrator\maven\apache-maven-3.6.1-bin\apache-maven-3.6.1\mvn_repo\ch\qos\logback\logback-classic\1.4.14\logback-classic-1.4.14.jar;C:\Users\Administrator\maven\apache-maven-3.6.1-bin\apache-maven-3.6.1\mvn_repo\ch\qos\logback\logback-core\1.4.14\logback-core-1.4.14.jar;C:\Users\Administrator\maven\apache-maven-3.6.1-bin\apache-maven-3.6.1\mvn_repo\org\apache\logging\log4j\log4j-to-slf4j\2.21.1\log4j-to-slf4j-2.21.1.jar;C:\Users\Administrator\maven\apache-maven-3.6.1-bin\apache-maven-3.6.1\mvn_repo\org\apache\logging\log4j\log4j-api\2.21.1\log4j-api-2.21.1.jar;C:\Users\Administrator\maven\apache-maven-3.6.1-bin\apache-maven-3.6.1\mvn_repo\org\slf4j\jul-to-slf4j\2.0.13\jul-to-slf4j-2.0.13.jar;C:\Users\Administrator\maven\apache-maven-3.6.1-bin\apache-maven-3.6.1\mvn_repo\jakarta\annotation\jakarta.annotation-api\2.1.1\jakarta.annotation-api-2.1.1.jar;C:\Users\Administrator\maven\apache-maven-3.6.1-bin\apache-maven-3.6.1\mvn_repo\org\yaml\snakeyaml\2.2\snakeyaml-2.2.jar;C:\Users\Administrator\maven\apache-maven-3.6.1-bin\apache-maven-3.6.1\mvn_repo\org\springframework\boot\spring-boot-starter-json\3.2.5\spring-boot-starter-json-3.2.5.jar;C:\Users\Administrator\maven\apache-maven-3.6.1-bin\apache-maven-3.6.1\mvn_repo\com\fasterxml\jackson\datatype\jackson-datatype-jdk8\2.15.4\jackson-datatype-jdk8-2.15.4.jar;C:\Users\Administrator\maven\apache-maven-3.6.1-bin\apache-maven-3.6.1\mvn_repo\com\fasterxml\jackson\datatype\jackson-datatype-jsr310\2.15.4\jackson-datatype-jsr310-2.15.4.jar;C:\Users\Administrator\maven\apache-maven-3.6.1-bin\apache-maven-3.6.1\mvn_repo\com\fasterxml\jackson\module\jackson-module-parameter-names\2.15.4\jackson-module-parameter-names-2.15.4.jar;C:\Users\Administrator\maven\apache-maven-3.6.1-bin\apache-maven-3.6.1\mvn_repo\org\springframework\boot\spring-boot-starter-tomcat\3.2.5\spring-boot-starter-tomcat-3.2.5.jar;C:\Users\Administrator\maven\apache-maven-3.6.1-bin\apache-maven-3.6.1\mvn_repo\org\apache\tomcat\embed\tomcat-embed-core\10.1.20\tomcat-embed-core-10.1.20.jar;C:\Users\Administrator\maven\apache-maven-3.6.1-bin\apache-maven-3.6.1\mvn_repo\org\apache\tomcat\embed\tomcat-embed-el\10.1.20\tomcat-embed-el-10.1.20.jar;C:\Users\Administrator\maven\apache-maven-3.6.1-bin\apache-maven-3.6.1\mvn_repo\org\apache\tomcat\embed\tomcat-embed-websocket\10.1.20\tomcat-embed-websocket-10.1.20.jar;C:\Users\Administrator\maven\apache-maven-3.6.1-bin\apache-maven-3.6.1\mvn_repo\org\springframework\spring-web\6.1.6\spring-web-6.1.6.jar;C:\Users\Administrator\maven\apache-maven-3.6.1-bin\apache-maven-3.6.1\mvn_repo\org\springframework\spring-beans\6.1.6\spring-beans-6.1.6.jar;C:\Users\Administrator\maven\apache-maven-3.6.1-bin\apache-maven-3.6.1\mvn_repo\io\micrometer\micrometer-observation\1.12.5\micrometer-observation-1.12.5.jar;C:\Users\Administrator\maven\apache-maven-3.6.1-bin\apache-maven-3.6.1\mvn_repo\io\micrometer\micrometer-commons\1.12.5\micrometer-commons-1.12.5.jar;C:\Users\Administrator\maven\apache-maven-3.6.1-bin\apache-maven-3.6.1\mvn_repo\org\springframework\spring-webmvc\6.1.6\spring-webmvc-6.1.6.jar;C:\Users\Administrator\maven\apache-maven-3.6.1-bin\apache-maven-3.6.1\mvn_repo\org\springframework\spring-aop\6.1.6\spring-aop-6.1.6.jar;C:\Users\Administrator\maven\apache-maven-3.6.1-bin\apache-maven-3.6.1\mvn_repo\org\springframework\spring-context\6.1.6\spring-context-6.1.6.jar;C:\Users\Administrator\maven\apache-maven-3.6.1-bin\apache-maven-3.6.1\mvn_repo\org\springframework\spring-expression\6.1.6\spring-expression-6.1.6.jar;C:\Users\Administrator\maven\apache-maven-3.6.1-bin\apache-maven-3.6.1\mvn_repo\org\mybatis\spring\boot\mybatis-spring-boot-starter\3.0.3\mybatis-spring-boot-starter-3.0.3.jar;C:\Users\Administrator\maven\apache-maven-3.6.1-bin\apache-maven-3.6.1\mvn_repo\org\springframework\boot\spring-boot-starter-jdbc\3.2.5\spring-boot-starter-jdbc-3.2.5.jar;C:\Users\Administrator\maven\apache-maven-3.6.1-bin\apache-maven-3.6.1\mvn_repo\com\zaxxer\HikariCP\5.0.1\HikariCP-5.0.1.jar;C:\Users\Administrator\maven\apache-maven-3.6.1-bin\apache-maven-3.6.1\mvn_repo\org\springframework\spring-jdbc\6.1.6\spring-jdbc-6.1.6.jar;C:\Users\Administrator\maven\apache-maven-3.6.1-bin\apache-maven-3.6.1\mvn_repo\org\mybatis\spring\boot\mybatis-spring-boot-autoconfigure\3.0.3\mybatis-spring-boot-autoconfigure-3.0.3.jar;C:\Users\Administrator\maven\apache-maven-3.6.1-bin\apache-maven-3.6.1\mvn_repo\org\mybatis\mybatis\3.5.14\mybatis-3.5.14.jar;C:\Users\Administrator\maven\apache-maven-3.6.1-bin\apache-maven-3.6.1\mvn_repo\org\mybatis\mybatis-spring\3.0.3\mybatis-spring-3.0.3.jar;C:\Users\Administrator\maven\apache-maven-3.6.1-bin\apache-maven-3.6.1\mvn_repo\com\mysql\mysql-connector-j\8.3.0\mysql-connector-j-8.3.0.jar;C:\Users\Administrator\maven\apache-maven-3.6.1-bin\apache-maven-3.6.1\mvn_repo\org\projectlombok\lombok\1.18.32\lombok-1.18.32.jar;C:\Users\Administrator\maven\apache-maven-3.6.1-bin\apache-maven-3.6.1\mvn_repo\com\github\pagehelper\pagehelper-spring-boot-starter\1.4.6\pagehelper-spring-boot-starter-1.4.6.jar;C:\Users\Administrator\maven\apache-maven-3.6.1-bin\apache-maven-3.6.1\mvn_repo\com\github\pagehelper\pagehelper-spring-boot-autoconfigure\1.4.6\pagehelper-spring-boot-autoconfigure-1.4.6.jar;C:\Users\Administrator\maven\apache-maven-3.6.1-bin\apache-maven-3.6.1\mvn_repo\com\github\pagehelper\pagehelper\5.3.2\pagehelper-5.3.2.jar;C:\Users\Administrator\maven\apache-maven-3.6.1-bin\apache-maven-3.6.1\mvn_repo\com\github\jsqlparser\jsqlparser\4.5\jsqlparser-4.5.jar;C:\Users\Administrator\maven\apache-maven-3.6.1-bin\apache-maven-3.6.1\mvn_repo\io\jsonwebtoken\jjwt\0.9.1\jjwt-0.9.1.jar;C:\Users\Administrator\maven\apache-maven-3.6.1-bin\apache-maven-3.6.1\mvn_repo\com\fasterxml\jackson\core\jackson-databind\2.15.4\jackson-databind-2.15.4.jar;C:\Users\Administrator\maven\apache-maven-3.6.1-bin\apache-maven-3.6.1\mvn_repo\com\fasterxml\jackson\core\jackson-annotations\2.15.4\jackson-annotations-2.15.4.jar;C:\Users\Administrator\maven\apache-maven-3.6.1-bin\apache-maven-3.6.1\mvn_repo\com\fasterxml\jackson\core\jackson-core\2.15.4\jackson-core-2.15.4.jar;C:\Users\Administrator\maven\apache-maven-3.6.1-bin\apache-maven-3.6.1\mvn_repo\javax\xml\bind\jaxb-api\2.3.1\jaxb-api-2.3.1.jar;C:\Users\Administrator\maven\apache-maven-3.6.1-bin\apache-maven-3.6.1\mvn_repo\javax\activation\javax.activation-api\1.2.0\javax.activation-api-1.2.0.jar;C:\Users\Administrator\maven\apache-maven-3.6.1-bin\apache-maven-3.6.1\mvn_repo\com\alibaba\fastjson\1.2.76\fastjson-1.2.76.jar;C:\Users\Administrator\maven\apache-maven-3.6.1-bin\apache-maven-3.6.1\mvn_repo\org\springframework\boot\spring-boot-starter-test\3.2.5\spring-boot-starter-test-3.2.5.jar;C:\Users\Administrator\maven\apache-maven-3.6.1-bin\apache-maven-3.6.1\mvn_repo\org\springframework\boot\spring-boot-test\3.2.5\spring-boot-test-3.2.5.jar;C:\Users\Administrator\maven\apache-maven-3.6.1-bin\apache-maven-3.6.1\mvn_repo\org\springframework\boot\spring-boot-test-autoconfigure\3.2.5\spring-boot-test-autoconfigure-3.2.5.jar;C:\Users\Administrator\maven\apache-maven-3.6.1-bin\apache-maven-3.6.1\mvn_repo\com\jayway\jsonpath\json-path\2.9.0\json-path-2.9.0.jar;C:\Users\Administrator\maven\apache-maven-3.6.1-bin\apache-maven-3.6.1\mvn_repo\org\slf4j\slf4j-api\2.0.13\slf4j-api-2.0.13.jar;C:\Users\Administrator\maven\apache-maven-3.6.1-bin\apache-maven-3.6.1\mvn_repo\jakarta\xml\bind\jakarta.xml.bind-api\4.0.2\jakarta.xml.bind-api-4.0.2.jar;C:\Users\Administrator\maven\apache-maven-3.6.1-bin\apache-maven-3.6.1\mvn_repo\jakarta\activation\jakarta.activation-api\2.1.3\jakarta.activation-api-2.1.3.jar;C:\Users\Administrator\maven\apache-maven-3.6.1-bin\apache-maven-3.6.1\mvn_repo\net\minidev\json-smart\2.5.1\json-smart-2.5.1.jar;C:\Users\Administrator\maven\apache-maven-3.6.1-bin\apache-maven-3.6.1\mvn_repo\net\minidev\accessors-smart\2.5.1\accessors-smart-2.5.1.jar;C:\Users\Administrator\maven\apache-maven-3.6.1-bin\apache-maven-3.6.1\mvn_repo\org\ow2\asm\asm\9.6\asm-9.6.jar;C:\Users\Administrator\maven\apache-maven-3.6.1-bin\apache-maven-3.6.1\mvn_repo\org\assertj\assertj-core\3.24.2\assertj-core-3.24.2.jar;C:\Users\Administrator\maven\apache-maven-3.6.1-bin\apache-maven-3.6.1\mvn_repo\net\bytebuddy\byte-buddy\1.14.13\byte-buddy-1.14.13.jar;C:\Users\Administrator\maven\apache-maven-3.6.1-bin\apache-maven-3.6.1\mvn_repo\org\awaitility\awaitility\4.2.1\awaitility-4.2.1.jar;C:\Users\Administrator\maven\apache-maven-3.6.1-bin\apache-maven-3.6.1\mvn_repo\org\hamcrest\hamcrest\2.2\hamcrest-2.2.jar;C:\Users\Administrator\maven\apache-maven-3.6.1-bin\apache-maven-3.6.1\mvn_repo\org\junit\jupiter\junit-jupiter\5.10.2\junit-jupiter-5.10.2.jar;C:\Users\Administrator\maven\apache-maven-3.6.1-bin\apache-maven-3.6.1\mvn_repo\org\junit\jupiter\junit-jupiter-api\5.10.2\junit-jupiter-api-5.10.2.jar;C:\Users\Administrator\maven\apache-maven-3.6.1-bin\apache-maven-3.6.1\mvn_repo\org\opentest4j\opentest4j\1.3.0\opentest4j-1.3.0.jar;C:\Users\Administrator\maven\apache-maven-3.6.1-bin\apache-maven-3.6.1\mvn_repo\org\junit\platform\junit-platform-commons\1.10.2\junit-platform-commons-1.10.2.jar;C:\Users\Administrator\maven\apache-maven-3.6.1-bin\apache-maven-3.6.1\mvn_repo\org\apiguardian\apiguardian-api\1.1.2\apiguardian-api-1.1.2.jar;C:\Users\Administrator\maven\apache-maven-3.6.1-bin\apache-maven-3.6.1\mvn_repo\org\junit\jupiter\junit-jupiter-params\5.10.2\junit-jupiter-params-5.10.2.jar;C:\Users\Administrator\maven\apache-maven-3.6.1-bin\apache-maven-3.6.1\mvn_repo\org\junit\jupiter\junit-jupiter-engine\5.10.2\junit-jupiter-engine-5.10.2.jar;C:\Users\Administrator\maven\apache-maven-3.6.1-bin\apache-maven-3.6.1\mvn_repo\org\junit\platform\junit-platform-engine\1.10.2\junit-platform-engine-1.10.2.jar;C:\Users\Administrator\maven\apache-maven-3.6.1-bin\apache-maven-3.6.1\mvn_repo\org\mockito\mockito-core\5.7.0\mockito-core-5.7.0.jar;C:\Users\Administrator\maven\apache-maven-3.6.1-bin\apache-maven-3.6.1\mvn_repo\net\bytebuddy\byte-buddy-agent\1.14.13\byte-buddy-agent-1.14.13.jar;C:\Users\Administrator\maven\apache-maven-3.6.1-bin\apache-maven-3.6.1\mvn_repo\org\objenesis\objenesis\3.3\objenesis-3.3.jar;C:\Users\Administrator\maven\apache-maven-3.6.1-bin\apache-maven-3.6.1\mvn_repo\org\mockito\mockito-junit-jupiter\5.7.0\mockito-junit-jupiter-5.7.0.jar;C:\Users\Administrator\maven\apache-maven-3.6.1-bin\apache-maven-3.6.1\mvn_repo\org\skyscreamer\jsonassert\1.5.1\jsonassert-1.5.1.jar;C:\Users\Administrator\maven\apache-maven-3.6.1-bin\apache-maven-3.6.1\mvn_repo\com\vaadin\external\google\android-json\0.0.20131108.vaadin1\android-json-0.0.20131108.vaadin1.jar;C:\Users\Administrator\maven\apache-maven-3.6.1-bin\apache-maven-3.6.1\mvn_repo\org\springframework\spring-core\6.1.6\spring-core-6.1.6.jar;C:\Users\Administrator\maven\apache-maven-3.6.1-bin\apache-maven-3.6.1\mvn_repo\org\springframework\spring-jcl\6.1.6\spring-jcl-6.1.6.jar;C:\Users\Administrator\maven\apache-maven-3.6.1-bin\apache-maven-3.6.1\mvn_repo\org\springframework\spring-test\6.1.6\spring-test-6.1.6.jar;C:\Users\Administrator\maven\apache-maven-3.6.1-bin\apache-maven-3.6.1\mvn_repo\org\xmlunit\xmlunit-core\2.9.1\xmlunit-core-2.9.1.jar;C:\Users\Administrator\maven\apache-maven-3.6.1-bin\apache-maven-3.6.1\mvn_repo\org\mybatis\spring\boot\mybatis-spring-boot-starter-test\3.0.3\mybatis-spring-boot-starter-test-3.0.3.jar;C:\Users\Administrator\maven\apache-maven-3.6.1-bin\apache-maven-3.6.1\mvn_repo\org\mybatis\spring\boot\mybatis-spring-boot-test-autoconfigure\3.0.3\mybatis-spring-boot-test-autoconfigure-3.0.3.jar;C:\Users\Administrator\maven\apache-maven-3.6.1-bin\apache-maven-3.6.1\mvn_repo\org\springframework\spring-tx\6.1.6\spring-tx-6.1.6.jar;"/>
    <property name="java.vm.vendor" value="Amazon.com Inc."/>
    <property name="sun.arch.data.model" value="64"/>
    <property name="user.variant" value=""/>
    <property name="java.vendor.url" value="https://aws.amazon.com/corretto/"/>
    <property name="user.timezone" value="Asia/Shanghai"/>
    <property name="os.name" value="Windows 11"/>
    <property name="java.vm.specification.version" value="18"/>
    <property name="sun.java.launcher" value="SUN_STANDARD"/>
    <property name="user.country" value="CN"/>
    <property name="sun.boot.library.path" value="C:\Users\Administrator\.jdks\corretto-18.0.2\bin"/>
    <property name="sun.java.command" value="C:\Users\Administrator\AppData\Local\Temp\surefire771550543466902373\surefirebooter-20240705162621307_3.jar C:\Users\Administrator\AppData\Local\Temp\surefire771550543466902373 2024-07-05T16-26-21_226-jvmRun1 surefire-20240705162621307_1tmp surefire_0-20240705162621307_2tmp"/>
    <property name="jdk.debug" value="release"/>
    <property name="surefire.test.class.path" value="D:\Idea\data\tlias-web-management\target\test-classes;D:\Idea\data\tlias-web-management\target\classes;C:\Users\Administrator\maven\apache-maven-3.6.1-bin\apache-maven-3.6.1\mvn_repo\org\springframework\boot\spring-boot-starter-web\3.2.5\spring-boot-starter-web-3.2.5.jar;C:\Users\Administrator\maven\apache-maven-3.6.1-bin\apache-maven-3.6.1\mvn_repo\org\springframework\boot\spring-boot-starter\3.2.5\spring-boot-starter-3.2.5.jar;C:\Users\Administrator\maven\apache-maven-3.6.1-bin\apache-maven-3.6.1\mvn_repo\org\springframework\boot\spring-boot\3.2.5\spring-boot-3.2.5.jar;C:\Users\Administrator\maven\apache-maven-3.6.1-bin\apache-maven-3.6.1\mvn_repo\org\springframework\boot\spring-boot-autoconfigure\3.2.5\spring-boot-autoconfigure-3.2.5.jar;C:\Users\Administrator\maven\apache-maven-3.6.1-bin\apache-maven-3.6.1\mvn_repo\org\springframework\boot\spring-boot-starter-logging\3.2.5\spring-boot-starter-logging-3.2.5.jar;C:\Users\Administrator\maven\apache-maven-3.6.1-bin\apache-maven-3.6.1\mvn_repo\ch\qos\logback\logback-classic\1.4.14\logback-classic-1.4.14.jar;C:\Users\Administrator\maven\apache-maven-3.6.1-bin\apache-maven-3.6.1\mvn_repo\ch\qos\logback\logback-core\1.4.14\logback-core-1.4.14.jar;C:\Users\Administrator\maven\apache-maven-3.6.1-bin\apache-maven-3.6.1\mvn_repo\org\apache\logging\log4j\log4j-to-slf4j\2.21.1\log4j-to-slf4j-2.21.1.jar;C:\Users\Administrator\maven\apache-maven-3.6.1-bin\apache-maven-3.6.1\mvn_repo\org\apache\logging\log4j\log4j-api\2.21.1\log4j-api-2.21.1.jar;C:\Users\Administrator\maven\apache-maven-3.6.1-bin\apache-maven-3.6.1\mvn_repo\org\slf4j\jul-to-slf4j\2.0.13\jul-to-slf4j-2.0.13.jar;C:\Users\Administrator\maven\apache-maven-3.6.1-bin\apache-maven-3.6.1\mvn_repo\jakarta\annotation\jakarta.annotation-api\2.1.1\jakarta.annotation-api-2.1.1.jar;C:\Users\Administrator\maven\apache-maven-3.6.1-bin\apache-maven-3.6.1\mvn_repo\org\yaml\snakeyaml\2.2\snakeyaml-2.2.jar;C:\Users\Administrator\maven\apache-maven-3.6.1-bin\apache-maven-3.6.1\mvn_repo\org\springframework\boot\spring-boot-starter-json\3.2.5\spring-boot-starter-json-3.2.5.jar;C:\Users\Administrator\maven\apache-maven-3.6.1-bin\apache-maven-3.6.1\mvn_repo\com\fasterxml\jackson\datatype\jackson-datatype-jdk8\2.15.4\jackson-datatype-jdk8-2.15.4.jar;C:\Users\Administrator\maven\apache-maven-3.6.1-bin\apache-maven-3.6.1\mvn_repo\com\fasterxml\jackson\datatype\jackson-datatype-jsr310\2.15.4\jackson-datatype-jsr310-2.15.4.jar;C:\Users\Administrator\maven\apache-maven-3.6.1-bin\apache-maven-3.6.1\mvn_repo\com\fasterxml\jackson\module\jackson-module-parameter-names\2.15.4\jackson-module-parameter-names-2.15.4.jar;C:\Users\Administrator\maven\apache-maven-3.6.1-bin\apache-maven-3.6.1\mvn_repo\org\springframework\boot\spring-boot-starter-tomcat\3.2.5\spring-boot-starter-tomcat-3.2.5.jar;C:\Users\Administrator\maven\apache-maven-3.6.1-bin\apache-maven-3.6.1\mvn_repo\org\apache\tomcat\embed\tomcat-embed-core\10.1.20\tomcat-embed-core-10.1.20.jar;C:\Users\Administrator\maven\apache-maven-3.6.1-bin\apache-maven-3.6.1\mvn_repo\org\apache\tomcat\embed\tomcat-embed-el\10.1.20\tomcat-embed-el-10.1.20.jar;C:\Users\Administrator\maven\apache-maven-3.6.1-bin\apache-maven-3.6.1\mvn_repo\org\apache\tomcat\embed\tomcat-embed-websocket\10.1.20\tomcat-embed-websocket-10.1.20.jar;C:\Users\Administrator\maven\apache-maven-3.6.1-bin\apache-maven-3.6.1\mvn_repo\org\springframework\spring-web\6.1.6\spring-web-6.1.6.jar;C:\Users\Administrator\maven\apache-maven-3.6.1-bin\apache-maven-3.6.1\mvn_repo\org\springframework\spring-beans\6.1.6\spring-beans-6.1.6.jar;C:\Users\Administrator\maven\apache-maven-3.6.1-bin\apache-maven-3.6.1\mvn_repo\io\micrometer\micrometer-observation\1.12.5\micrometer-observation-1.12.5.jar;C:\Users\Administrator\maven\apache-maven-3.6.1-bin\apache-maven-3.6.1\mvn_repo\io\micrometer\micrometer-commons\1.12.5\micrometer-commons-1.12.5.jar;C:\Users\Administrator\maven\apache-maven-3.6.1-bin\apache-maven-3.6.1\mvn_repo\org\springframework\spring-webmvc\6.1.6\spring-webmvc-6.1.6.jar;C:\Users\Administrator\maven\apache-maven-3.6.1-bin\apache-maven-3.6.1\mvn_repo\org\springframework\spring-aop\6.1.6\spring-aop-6.1.6.jar;C:\Users\Administrator\maven\apache-maven-3.6.1-bin\apache-maven-3.6.1\mvn_repo\org\springframework\spring-context\6.1.6\spring-context-6.1.6.jar;C:\Users\Administrator\maven\apache-maven-3.6.1-bin\apache-maven-3.6.1\mvn_repo\org\springframework\spring-expression\6.1.6\spring-expression-6.1.6.jar;C:\Users\Administrator\maven\apache-maven-3.6.1-bin\apache-maven-3.6.1\mvn_repo\org\mybatis\spring\boot\mybatis-spring-boot-starter\3.0.3\mybatis-spring-boot-starter-3.0.3.jar;C:\Users\Administrator\maven\apache-maven-3.6.1-bin\apache-maven-3.6.1\mvn_repo\org\springframework\boot\spring-boot-starter-jdbc\3.2.5\spring-boot-starter-jdbc-3.2.5.jar;C:\Users\Administrator\maven\apache-maven-3.6.1-bin\apache-maven-3.6.1\mvn_repo\com\zaxxer\HikariCP\5.0.1\HikariCP-5.0.1.jar;C:\Users\Administrator\maven\apache-maven-3.6.1-bin\apache-maven-3.6.1\mvn_repo\org\springframework\spring-jdbc\6.1.6\spring-jdbc-6.1.6.jar;C:\Users\Administrator\maven\apache-maven-3.6.1-bin\apache-maven-3.6.1\mvn_repo\org\mybatis\spring\boot\mybatis-spring-boot-autoconfigure\3.0.3\mybatis-spring-boot-autoconfigure-3.0.3.jar;C:\Users\Administrator\maven\apache-maven-3.6.1-bin\apache-maven-3.6.1\mvn_repo\org\mybatis\mybatis\3.5.14\mybatis-3.5.14.jar;C:\Users\Administrator\maven\apache-maven-3.6.1-bin\apache-maven-3.6.1\mvn_repo\org\mybatis\mybatis-spring\3.0.3\mybatis-spring-3.0.3.jar;C:\Users\Administrator\maven\apache-maven-3.6.1-bin\apache-maven-3.6.1\mvn_repo\com\mysql\mysql-connector-j\8.3.0\mysql-connector-j-8.3.0.jar;C:\Users\Administrator\maven\apache-maven-3.6.1-bin\apache-maven-3.6.1\mvn_repo\org\projectlombok\lombok\1.18.32\lombok-1.18.32.jar;C:\Users\Administrator\maven\apache-maven-3.6.1-bin\apache-maven-3.6.1\mvn_repo\com\github\pagehelper\pagehelper-spring-boot-starter\1.4.6\pagehelper-spring-boot-starter-1.4.6.jar;C:\Users\Administrator\maven\apache-maven-3.6.1-bin\apache-maven-3.6.1\mvn_repo\com\github\pagehelper\pagehelper-spring-boot-autoconfigure\1.4.6\pagehelper-spring-boot-autoconfigure-1.4.6.jar;C:\Users\Administrator\maven\apache-maven-3.6.1-bin\apache-maven-3.6.1\mvn_repo\com\github\pagehelper\pagehelper\5.3.2\pagehelper-5.3.2.jar;C:\Users\Administrator\maven\apache-maven-3.6.1-bin\apache-maven-3.6.1\mvn_repo\com\github\jsqlparser\jsqlparser\4.5\jsqlparser-4.5.jar;C:\Users\Administrator\maven\apache-maven-3.6.1-bin\apache-maven-3.6.1\mvn_repo\io\jsonwebtoken\jjwt\0.9.1\jjwt-0.9.1.jar;C:\Users\Administrator\maven\apache-maven-3.6.1-bin\apache-maven-3.6.1\mvn_repo\com\fasterxml\jackson\core\jackson-databind\2.15.4\jackson-databind-2.15.4.jar;C:\Users\Administrator\maven\apache-maven-3.6.1-bin\apache-maven-3.6.1\mvn_repo\com\fasterxml\jackson\core\jackson-annotations\2.15.4\jackson-annotations-2.15.4.jar;C:\Users\Administrator\maven\apache-maven-3.6.1-bin\apache-maven-3.6.1\mvn_repo\com\fasterxml\jackson\core\jackson-core\2.15.4\jackson-core-2.15.4.jar;C:\Users\Administrator\maven\apache-maven-3.6.1-bin\apache-maven-3.6.1\mvn_repo\javax\xml\bind\jaxb-api\2.3.1\jaxb-api-2.3.1.jar;C:\Users\Administrator\maven\apache-maven-3.6.1-bin\apache-maven-3.6.1\mvn_repo\javax\activation\javax.activation-api\1.2.0\javax.activation-api-1.2.0.jar;C:\Users\Administrator\maven\apache-maven-3.6.1-bin\apache-maven-3.6.1\mvn_repo\com\alibaba\fastjson\1.2.76\fastjson-1.2.76.jar;C:\Users\Administrator\maven\apache-maven-3.6.1-bin\apache-maven-3.6.1\mvn_repo\org\springframework\boot\spring-boot-starter-test\3.2.5\spring-boot-starter-test-3.2.5.jar;C:\Users\Administrator\maven\apache-maven-3.6.1-bin\apache-maven-3.6.1\mvn_repo\org\springframework\boot\spring-boot-test\3.2.5\spring-boot-test-3.2.5.jar;C:\Users\Administrator\maven\apache-maven-3.6.1-bin\apache-maven-3.6.1\mvn_repo\org\springframework\boot\spring-boot-test-autoconfigure\3.2.5\spring-boot-test-autoconfigure-3.2.5.jar;C:\Users\Administrator\maven\apache-maven-3.6.1-bin\apache-maven-3.6.1\mvn_repo\com\jayway\jsonpath\json-path\2.9.0\json-path-2.9.0.jar;C:\Users\Administrator\maven\apache-maven-3.6.1-bin\apache-maven-3.6.1\mvn_repo\org\slf4j\slf4j-api\2.0.13\slf4j-api-2.0.13.jar;C:\Users\Administrator\maven\apache-maven-3.6.1-bin\apache-maven-3.6.1\mvn_repo\jakarta\xml\bind\jakarta.xml.bind-api\4.0.2\jakarta.xml.bind-api-4.0.2.jar;C:\Users\Administrator\maven\apache-maven-3.6.1-bin\apache-maven-3.6.1\mvn_repo\jakarta\activation\jakarta.activation-api\2.1.3\jakarta.activation-api-2.1.3.jar;C:\Users\Administrator\maven\apache-maven-3.6.1-bin\apache-maven-3.6.1\mvn_repo\net\minidev\json-smart\2.5.1\json-smart-2.5.1.jar;C:\Users\Administrator\maven\apache-maven-3.6.1-bin\apache-maven-3.6.1\mvn_repo\net\minidev\accessors-smart\2.5.1\accessors-smart-2.5.1.jar;C:\Users\Administrator\maven\apache-maven-3.6.1-bin\apache-maven-3.6.1\mvn_repo\org\ow2\asm\asm\9.6\asm-9.6.jar;C:\Users\Administrator\maven\apache-maven-3.6.1-bin\apache-maven-3.6.1\mvn_repo\org\assertj\assertj-core\3.24.2\assertj-core-3.24.2.jar;C:\Users\Administrator\maven\apache-maven-3.6.1-bin\apache-maven-3.6.1\mvn_repo\net\bytebuddy\byte-buddy\1.14.13\byte-buddy-1.14.13.jar;C:\Users\Administrator\maven\apache-maven-3.6.1-bin\apache-maven-3.6.1\mvn_repo\org\awaitility\awaitility\4.2.1\awaitility-4.2.1.jar;C:\Users\Administrator\maven\apache-maven-3.6.1-bin\apache-maven-3.6.1\mvn_repo\org\hamcrest\hamcrest\2.2\hamcrest-2.2.jar;C:\Users\Administrator\maven\apache-maven-3.6.1-bin\apache-maven-3.6.1\mvn_repo\org\junit\jupiter\junit-jupiter\5.10.2\junit-jupiter-5.10.2.jar;C:\Users\Administrator\maven\apache-maven-3.6.1-bin\apache-maven-3.6.1\mvn_repo\org\junit\jupiter\junit-jupiter-api\5.10.2\junit-jupiter-api-5.10.2.jar;C:\Users\Administrator\maven\apache-maven-3.6.1-bin\apache-maven-3.6.1\mvn_repo\org\opentest4j\opentest4j\1.3.0\opentest4j-1.3.0.jar;C:\Users\Administrator\maven\apache-maven-3.6.1-bin\apache-maven-3.6.1\mvn_repo\org\junit\platform\junit-platform-commons\1.10.2\junit-platform-commons-1.10.2.jar;C:\Users\Administrator\maven\apache-maven-3.6.1-bin\apache-maven-3.6.1\mvn_repo\org\apiguardian\apiguardian-api\1.1.2\apiguardian-api-1.1.2.jar;C:\Users\Administrator\maven\apache-maven-3.6.1-bin\apache-maven-3.6.1\mvn_repo\org\junit\jupiter\junit-jupiter-params\5.10.2\junit-jupiter-params-5.10.2.jar;C:\Users\Administrator\maven\apache-maven-3.6.1-bin\apache-maven-3.6.1\mvn_repo\org\junit\jupiter\junit-jupiter-engine\5.10.2\junit-jupiter-engine-5.10.2.jar;C:\Users\Administrator\maven\apache-maven-3.6.1-bin\apache-maven-3.6.1\mvn_repo\org\junit\platform\junit-platform-engine\1.10.2\junit-platform-engine-1.10.2.jar;C:\Users\Administrator\maven\apache-maven-3.6.1-bin\apache-maven-3.6.1\mvn_repo\org\mockito\mockito-core\5.7.0\mockito-core-5.7.0.jar;C:\Users\Administrator\maven\apache-maven-3.6.1-bin\apache-maven-3.6.1\mvn_repo\net\bytebuddy\byte-buddy-agent\1.14.13\byte-buddy-agent-1.14.13.jar;C:\Users\Administrator\maven\apache-maven-3.6.1-bin\apache-maven-3.6.1\mvn_repo\org\objenesis\objenesis\3.3\objenesis-3.3.jar;C:\Users\Administrator\maven\apache-maven-3.6.1-bin\apache-maven-3.6.1\mvn_repo\org\mockito\mockito-junit-jupiter\5.7.0\mockito-junit-jupiter-5.7.0.jar;C:\Users\Administrator\maven\apache-maven-3.6.1-bin\apache-maven-3.6.1\mvn_repo\org\skyscreamer\jsonassert\1.5.1\jsonassert-1.5.1.jar;C:\Users\Administrator\maven\apache-maven-3.6.1-bin\apache-maven-3.6.1\mvn_repo\com\vaadin\external\google\android-json\0.0.20131108.vaadin1\android-json-0.0.20131108.vaadin1.jar;C:\Users\Administrator\maven\apache-maven-3.6.1-bin\apache-maven-3.6.1\mvn_repo\org\springframework\spring-core\6.1.6\spring-core-6.1.6.jar;C:\Users\Administrator\maven\apache-maven-3.6.1-bin\apache-maven-3.6.1\mvn_repo\org\springframework\spring-jcl\6.1.6\spring-jcl-6.1.6.jar;C:\Users\Administrator\maven\apache-maven-3.6.1-bin\apache-maven-3.6.1\mvn_repo\org\springframework\spring-test\6.1.6\spring-test-6.1.6.jar;C:\Users\Administrator\maven\apache-maven-3.6.1-bin\apache-maven-3.6.1\mvn_repo\org\xmlunit\xmlunit-core\2.9.1\xmlunit-core-2.9.1.jar;C:\Users\Administrator\maven\apache-maven-3.6.1-bin\apache-maven-3.6.1\mvn_repo\org\mybatis\spring\boot\mybatis-spring-boot-starter-test\3.0.3\mybatis-spring-boot-starter-test-3.0.3.jar;C:\Users\Administrator\maven\apache-maven-3.6.1-bin\apache-maven-3.6.1\mvn_repo\org\mybatis\spring\boot\mybatis-spring-boot-test-autoconfigure\3.0.3\mybatis-spring-boot-test-autoconfigure-3.0.3.jar;C:\Users\Administrator\maven\apache-maven-3.6.1-bin\apache-maven-3.6.1\mvn_repo\org\springframework\spring-tx\6.1.6\spring-tx-6.1.6.jar;"/>
    <property name="sun.cpu.endian" value="little"/>
    <property name="user.home" value="C:\Users\Administrator"/>
    <property name="user.language" value="zh"/>
    <property name="java.specification.vendor" value="Oracle Corporation"/>
    <property name="java.version.date" value="2022-07-19"/>
    <property name="java.home" value="C:\Users\Administrator\.jdks\corretto-18.0.2"/>
    <property name="file.separator" value="\"/>
    <property name="basedir" value="D:\Idea\data\tlias-web-management"/>
    <property name="java.vm.compressedOopsMode" value="Zero based"/>
    <property name="line.separator" value="&#10;"/>
    <property name="java.vm.specification.vendor" value="Oracle Corporation"/>
    <property name="java.specification.name" value="Java Platform API Specification"/>
    <property name="surefire.real.class.path" value="C:\Users\Administrator\AppData\Local\Temp\surefire771550543466902373\surefirebooter-20240705162621307_3.jar"/>
    <property name="user.script" value=""/>
    <property name="sun.management.compiler" value="HotSpot 64-Bit Tiered Compilers"/>
    <property name="java.runtime.version" value="18.0.2+9-FR"/>
    <property name="user.name" value="Administrator"/>
    <property name="path.separator" value=";"/>
    <property name="os.version" value="10.0"/>
    <property name="java.runtime.name" value="OpenJDK Runtime Environment"/>
    <property name="file.encoding" value="UTF-8"/>
    <property name="java.vm.name" value="OpenJDK 64-Bit Server VM"/>
    <property name="java.vendor.version" value="Corretto-18.0.2.9.1"/>
    <property name="localRepository" value="C:\Users\Administrator\maven\apache-maven-3.6.1-bin\apache-maven-3.6.1\mvn_repo"/>
    <property name="java.vendor.url.bug" value="https://github.com/corretto/corretto-18/issues/"/>
    <property name="java.io.tmpdir" value="C:\Users\ADMINI~1\AppData\Local\Temp\"/>
    <property name="idea.version" value="2023.1.5"/>
    <property name="java.version" value="18.0.2"/>
    <property name="user.dir" value="D:\Idea\data\tlias-web-management"/>
    <property name="os.arch" value="amd64"/>
    <property name="java.vm.specification.name" value="Java Virtual Machine Specification"/>
    <property name="sun.os.patch.level" value=""/>
    <property name="native.encoding" value="GBK"/>
    <property name="java.library.path" value="C:\Users\Administrator\.jdks\corretto-18.0.2\bin;C:\Windows\Sun\Java\bin;C:\Windows\system32;C:\Windows;C:\Program Files\Common Files\Oracle\Java\javapath;C:\Program Files (x86)\Common Files\Intel\Shared Libraries\redist\intel64\compiler;C:\Windows\system32;C:\Windows;C:\Windows\System32\Wbem;C:\Windows\System32\WindowsPowerShell\v1.0\;C:\Windows\System32\OpenSSH\;C:\Program Files (x86)\NVIDIA Corporation\PhysX\Common;C:\Program Files\NVIDIA Corporation\NVIDIA NvDLISR;D:\MySQL\install\bin;D:\Windows Kits\10\Windows Performance Toolkit\;C:\Program Files\dotnet\;D:\微信开发工具\微信web开发者工具\dll;C:\Users\Administrator\maven\apache-maven-3.6.1-bin\apache-maven-3.6.1;bin;C:\Program Files (x86)\Microsoft SQL Server\160\DTS\Binn\;C:\Program Files (x86)\Microsoft SQL Server\160\Tools\Binn\;C:\Program Files\Microsoft SQL Server\160\Tools\Binn\;C:\Program Files\Microsoft SQL Server\Client SDK\ODBC\170\Tools\Binn\;C:\Program Files\Microsoft SQL Server\160\DTS\Binn\;D:\Git\cmd;D:\dev\Python\Python3.12.0\Scripts\;D:\dev\Python\Python3.12.0\;C:\Users\Administrator\AppData\Local\Microsoft\WindowsApps;D:\vscode\Microsoft VS Code\bin;&quot;D:\Idea\IntelliJ IDEA 2023.1.5\jbr\bin;&quot;;D:\opencv\opencv\build\x64\vc16\bin;C:\Users\Administrator\AppData\Local\JetBrains\Toolbox\scripts;C:\Program Files (x86)\Tencent\QQGameTempest\Hall.58036\;C:\Users\Administrator\AppData\Local\GitHubDesktop\bin;."/>
    <property name="java.vm.info" value="mixed mode, sharing"/>
    <property name="java.vendor" value="Amazon.com Inc."/>
    <property name="java.vm.version" value="18.0.2+9-FR"/>
    <property name="sun.io.unicode.encoding" value="UnicodeLittle"/>
    <property name="java.class.version" value="62.0"/>
  </properties>
  <testcase name="testGenJwt" classname="com.itheima.TliasWebManagementApplicationTests" time="0.197">
    <system-out><![CDATA[eyJhbGciOiJIUzI1NiJ9.eyJuYW1lIjoidG9tIiwiaWQiOjEsImV4cCI6MTcyMDE3MTU4MX0.my_Ydum2lxY1MBO2BhYJIqvCb6jK1_nDvN6U8KIE8xw
]]></system-out>
  </testcase>
</testsuite>